SERVERPOD version: 3.2.0, dart: 3.10.7 (stable) (Tue Dec 23 00:01:57 2025 -0800) on "windows_x64", time: 2026-01-15 12:31:37.574368Z
runMode: development
serverId: default
role: monolith
loggingMode: normal
applyMigrations: false
applyRepairMigration: false
Invalid serviceSecret in password file, Insights server disabled.SERVERPOD initialized, time: 2026-01-15 12:31:37.643859Z
2026-01-15 12:31:39.002928Z ERROR: Failed to bind socket, port 8085 may already be in use.
2026-01-15 12:31:39.002928Z ERROR: SocketException: Failed to create server socket (OS Error: Only one usage of each socket address (protocol/network address/port) is normally permitted, errno = 10048), address = ::, port = 8085
#0      _NativeSocket.bind (dart:io-patch/socket_patch.dart:1220:7)
<asynchronous suspension>
#1      _RawServerSocket.bind.<anonymous closure> (dart:io-patch/socket_patch.dart:2166:12)
<asynchronous suspension>
#2      _ServerSocket.bind.<anonymous closure> (dart:io-patch/socket_patch.dart:2489:12)
<asynchronous suspension>
#3      _HttpServer.bind.<anonymous closure> (dart:_http/http_impl.dart:3472:24)
<asynchronous suspension>
#4      bindHttpServer (package:relic/src/adapter/io/bind_http_server.dart:31:12)
<asynchronous suspension>
#5      IOAdapter.bind (package:relic/src/adapter/io/io_adapter.dart:53:7)
<asynchronous suspension>
#6      _RelicServer.mountAndStart (package:relic/src/relic_server.dart:62:16)
<asynchronous suspension>
#7      RelicApp._init (package:relic/src/router/relic_app.dart:79:5)
<asynchronous suspension>
#8      RelicApp.run (package:relic/src/router/relic_app.dart:66:5)
<asynchronous suspension>
#9      Server.start (package:serverpod/src/server/server.dart:167:22)
<asynchronous suspension>
#10     Serverpod._unguardedStart (package:serverpod/src/server/serverpod.dart:705:25)
<asynchronous suspension>
#11     Serverpod.start.<anonymous closure> (package:serverpod/src/server/serverpod.dart:625:9)
<asynchronous suspension>
#12     Serverpod.start (package:serverpod/src/server/serverpod.dart:624:7)
<asynchronous suspension>
#13     run (package:admin_butler_server/server.dart:12:3)
<asynchronous suspension>

Failed to start the Serverpod servers, see logs for details.
